<?xml version="1.0" encoding="UTF-8"?>
<testsuite xmlns:xsi="http://www.w3.org/2001/XMLSchema-instance" xsi:noNamespaceSchemaLocation="https://maven.apache.org/surefire/maven-surefire-plugin/xsd/surefire-test-report-3.0.xsd" version="3.0" name="org.example.AppTest" time="0.073" tests="1" errors="0" skipped="0" failures="0">
  <properties>
    <property name="sun.desktop" value="windows"/>
    <property name="awt.toolkit" value="sun.awt.windows.WToolkit"/>
    <property name="java.specification.version" value="11"/>
    <property name="sun.cpu.isalist" value="amd64"/>
    <property name="sun.jnu.encoding" value="UTF-8"/>
    <property name="java.class.path" value="C:\Users\Elyessss\OneDrive\Bureau\javaflink\flink-job\target\test-classes;C:\Users\Elyessss\OneDrive\Bureau\javaflink\flink-job\target\classes;C:\Users\Elyessss\.m2\repository\org\apache\flink\flink-java\1.20.0\flink-java-1.20.0.jar;C:\Users\Elyessss\.m2\repository\org\apache\flink\flink-core\1.20.0\flink-core-1.20.0.jar;C:\Users\Elyessss\.m2\repository\org\apache\flink\flink-core-api\1.20.0\flink-core-api-1.20.0.jar;C:\Users\Elyessss\.m2\repository\org\apache\flink\flink-metrics-core\1.20.0\flink-metrics-core-1.20.0.jar;C:\Users\Elyessss\.m2\repository\org\apache\flink\flink-annotations\1.20.0\flink-annotations-1.20.0.jar;C:\Users\Elyessss\.m2\repository\org\apache\flink\flink-shaded-asm-9\9.5-17.0\flink-shaded-asm-9-9.5-17.0.jar;C:\Users\Elyessss\.m2\repository\org\apache\flink\flink-shaded-jackson\2.14.2-17.0\flink-shaded-jackson-2.14.2-17.0.jar;C:\Users\Elyessss\.m2\repository\org\snakeyaml\snakeyaml-engine\2.6\snakeyaml-engine-2.6.jar;C:\Users\Elyessss\.m2\repository\org\apache\commons\commons-text\1.10.0\commons-text-1.10.0.jar;C:\Users\Elyessss\.m2\repository\com\esotericsoftware\kryo\kryo\2.24.0\kryo-2.24.0.jar;C:\Users\Elyessss\.m2\repository\com\esotericsoftware\minlog\minlog\1.2\minlog-1.2.jar;C:\Users\Elyessss\.m2\repository\org\objenesis\objenesis\2.1\objenesis-2.1.jar;C:\Users\Elyessss\.m2\repository\commons-collections\commons-collections\3.2.2\commons-collections-3.2.2.jar;C:\Users\Elyessss\.m2\repository\org\apache\commons\commons-compress\1.26.0\commons-compress-1.26.0.jar;C:\Users\Elyessss\.m2\repository\org\apache\commons\commons-lang3\3.12.0\commons-lang3-3.12.0.jar;C:\Users\Elyessss\.m2\repository\org\apache\commons\commons-math3\3.6.1\commons-math3-3.6.1.jar;C:\Users\Elyessss\.m2\repository\com\twitter\chill-java\0.7.6\chill-java-0.7.6.jar;C:\Users\Elyessss\.m2\repository\org\slf4j\slf4j-api\1.7.36\slf4j-api-1.7.36.jar;C:\Users\Elyessss\.m2\repository\com\google\code\findbugs\jsr305\1.3.9\jsr305-1.3.9.jar;C:\Users\Elyessss\.m2\repository\org\apache\flink\flink-streaming-java\1.20.0\flink-streaming-java-1.20.0.jar;C:\Users\Elyessss\.m2\repository\org\apache\flink\flink-file-sink-common\1.20.0\flink-file-sink-common-1.20.0.jar;C:\Users\Elyessss\.m2\repository\org\apache\flink\flink-runtime\1.20.0\flink-runtime-1.20.0.jar;C:\Users\Elyessss\.m2\repository\org\apache\flink\flink-rpc-core\1.20.0\flink-rpc-core-1.20.0.jar;C:\Users\Elyessss\.m2\repository\org\apache\flink\flink-rpc-akka-loader\1.20.0\flink-rpc-akka-loader-1.20.0.jar;C:\Users\Elyessss\.m2\repository\org\apache\flink\flink-queryable-state-client-java\1.20.0\flink-queryable-state-client-java-1.20.0.jar;C:\Users\Elyessss\.m2\repository\org\apache\flink\flink-hadoop-fs\1.20.0\flink-hadoop-fs-1.20.0.jar;C:\Users\Elyessss\.m2\repository\commons-io\commons-io\2.15.1\commons-io-2.15.1.jar;C:\Users\Elyessss\.m2\repository\org\apache\flink\flink-shaded-netty\4.1.91.Final-17.0\flink-shaded-netty-4.1.91.Final-17.0.jar;C:\Users\Elyessss\.m2\repository\org\apache\flink\flink-shaded-zookeeper-3\3.7.1-17.0\flink-shaded-zookeeper-3-3.7.1-17.0.jar;C:\Users\Elyessss\.m2\repository\commons-cli\commons-cli\1.5.0\commons-cli-1.5.0.jar;C:\Users\Elyessss\.m2\repository\org\javassist\javassist\3.24.0-GA\javassist-3.24.0-GA.jar;C:\Users\Elyessss\.m2\repository\org\xerial\snappy\snappy-java\1.1.10.4\snappy-java-1.1.10.4.jar;C:\Users\Elyessss\.m2\repository\tools\profiler\async-profiler\2.9\async-profiler-2.9.jar;C:\Users\Elyessss\.m2\repository\org\lz4\lz4-java\1.8.0\lz4-java-1.8.0.jar;C:\Users\Elyessss\.m2\repository\org\apache\flink\flink-shaded-guava\31.1-jre-17.0\flink-shaded-guava-31.1-jre-17.0.jar;C:\Users\Elyessss\.m2\repository\org\apache\flink\flink-connector-datagen\1.20.0\flink-connector-datagen-1.20.0.jar;C:\Users\Elyessss\.m2\repository\org\scala-lang\scala-library\2.12.18\scala-library-2.12.18.jar;C:\Users\Elyessss\.m2\repository\junit\junit\4.11\junit-4.11.jar;C:\Users\Elyessss\.m2\repository\org\hamcrest\hamcrest-core\1.3\hamcrest-core-1.3.jar;"/>
    <property name="java.vm.vendor" value="Oracle Corporation"/>
    <property name="sun.arch.data.model" value="64"/>
    <property name="user.variant" value=""/>
    <property name="java.vendor.url" value="https://openjdk.java.net/"/>
    <property name="user.timezone" value="Europe/Paris"/>
    <property name="java.vm.specification.version" value="11"/>
    <property name="os.name" value="Windows 10"/>
    <property name="sun.java.launcher" value="SUN_STANDARD"/>
    <property name="user.country" value="FR"/>
    <property name="sun.boot.library.path" value="C:\Program Files\Java\jdk-11\bin"/>
    <property name="sun.java.command" value="C:\Users\Elyessss\AppData\Local\Temp\surefire2769446514806385432\surefirebooter-20241214152316599_3.jar C:\Users\Elyessss\AppData\Local\Temp\surefire2769446514806385432 2024-12-14T15-23-15_936-jvmRun1 surefire-20241214152316599_1tmp surefire_0-20241214152316599_2tmp"/>
    <property name="jdk.debug" value="release"/>
    <property name="surefire.test.class.path" value="C:\Users\Elyessss\OneDrive\Bureau\javaflink\flink-job\target\test-classes;C:\Users\Elyessss\OneDrive\Bureau\javaflink\flink-job\target\classes;C:\Users\Elyessss\.m2\repository\org\apache\flink\flink-java\1.20.0\flink-java-1.20.0.jar;C:\Users\Elyessss\.m2\repository\org\apache\flink\flink-core\1.20.0\flink-core-1.20.0.jar;C:\Users\Elyessss\.m2\repository\org\apache\flink\flink-core-api\1.20.0\flink-core-api-1.20.0.jar;C:\Users\Elyessss\.m2\repository\org\apache\flink\flink-metrics-core\1.20.0\flink-metrics-core-1.20.0.jar;C:\Users\Elyessss\.m2\repository\org\apache\flink\flink-annotations\1.20.0\flink-annotations-1.20.0.jar;C:\Users\Elyessss\.m2\repository\org\apache\flink\flink-shaded-asm-9\9.5-17.0\flink-shaded-asm-9-9.5-17.0.jar;C:\Users\Elyessss\.m2\repository\org\apache\flink\flink-shaded-jackson\2.14.2-17.0\flink-shaded-jackson-2.14.2-17.0.jar;C:\Users\Elyessss\.m2\repository\org\snakeyaml\snakeyaml-engine\2.6\snakeyaml-engine-2.6.jar;C:\Users\Elyessss\.m2\repository\org\apache\commons\commons-text\1.10.0\commons-text-1.10.0.jar;C:\Users\Elyessss\.m2\repository\com\esotericsoftware\kryo\kryo\2.24.0\kryo-2.24.0.jar;C:\Users\Elyessss\.m2\repository\com\esotericsoftware\minlog\minlog\1.2\minlog-1.2.jar;C:\Users\Elyessss\.m2\repository\org\objenesis\objenesis\2.1\objenesis-2.1.jar;C:\Users\Elyessss\.m2\repository\commons-collections\commons-collections\3.2.2\commons-collections-3.2.2.jar;C:\Users\Elyessss\.m2\repository\org\apache\commons\commons-compress\1.26.0\commons-compress-1.26.0.jar;C:\Users\Elyessss\.m2\repository\org\apache\commons\commons-lang3\3.12.0\commons-lang3-3.12.0.jar;C:\Users\Elyessss\.m2\repository\org\apache\commons\commons-math3\3.6.1\commons-math3-3.6.1.jar;C:\Users\Elyessss\.m2\repository\com\twitter\chill-java\0.7.6\chill-java-0.7.6.jar;C:\Users\Elyessss\.m2\repository\org\slf4j\slf4j-api\1.7.36\slf4j-api-1.7.36.jar;C:\Users\Elyessss\.m2\repository\com\google\code\findbugs\jsr305\1.3.9\jsr305-1.3.9.jar;C:\Users\Elyessss\.m2\repository\org\apache\flink\flink-streaming-java\1.20.0\flink-streaming-java-1.20.0.jar;C:\Users\Elyessss\.m2\repository\org\apache\flink\flink-file-sink-common\1.20.0\flink-file-sink-common-1.20.0.jar;C:\Users\Elyessss\.m2\repository\org\apache\flink\flink-runtime\1.20.0\flink-runtime-1.20.0.jar;C:\Users\Elyessss\.m2\repository\org\apache\flink\flink-rpc-core\1.20.0\flink-rpc-core-1.20.0.jar;C:\Users\Elyessss\.m2\repository\org\apache\flink\flink-rpc-akka-loader\1.20.0\flink-rpc-akka-loader-1.20.0.jar;C:\Users\Elyessss\.m2\repository\org\apache\flink\flink-queryable-state-client-java\1.20.0\flink-queryable-state-client-java-1.20.0.jar;C:\Users\Elyessss\.m2\repository\org\apache\flink\flink-hadoop-fs\1.20.0\flink-hadoop-fs-1.20.0.jar;C:\Users\Elyessss\.m2\repository\commons-io\commons-io\2.15.1\commons-io-2.15.1.jar;C:\Users\Elyessss\.m2\repository\org\apache\flink\flink-shaded-netty\4.1.91.Final-17.0\flink-shaded-netty-4.1.91.Final-17.0.jar;C:\Users\Elyessss\.m2\repository\org\apache\flink\flink-shaded-zookeeper-3\3.7.1-17.0\flink-shaded-zookeeper-3-3.7.1-17.0.jar;C:\Users\Elyessss\.m2\repository\commons-cli\commons-cli\1.5.0\commons-cli-1.5.0.jar;C:\Users\Elyessss\.m2\repository\org\javassist\javassist\3.24.0-GA\javassist-3.24.0-GA.jar;C:\Users\Elyessss\.m2\repository\org\xerial\snappy\snappy-java\1.1.10.4\snappy-java-1.1.10.4.jar;C:\Users\Elyessss\.m2\repository\tools\profiler\async-profiler\2.9\async-profiler-2.9.jar;C:\Users\Elyessss\.m2\repository\org\lz4\lz4-java\1.8.0\lz4-java-1.8.0.jar;C:\Users\Elyessss\.m2\repository\org\apache\flink\flink-shaded-guava\31.1-jre-17.0\flink-shaded-guava-31.1-jre-17.0.jar;C:\Users\Elyessss\.m2\repository\org\apache\flink\flink-connector-datagen\1.20.0\flink-connector-datagen-1.20.0.jar;C:\Users\Elyessss\.m2\repository\org\scala-lang\scala-library\2.12.18\scala-library-2.12.18.jar;C:\Users\Elyessss\.m2\repository\junit\junit\4.11\junit-4.11.jar;C:\Users\Elyessss\.m2\repository\org\hamcrest\hamcrest-core\1.3\hamcrest-core-1.3.jar;"/>
    <property name="sun.cpu.endian" value="little"/>
    <property name="user.home" value="C:\Users\Elyessss"/>
    <property name="user.language" value="fr"/>
    <property name="java.specification.vendor" value="Oracle Corporation"/>
    <property name="java.version.date" value="2024-10-15"/>
    <property name="java.home" value="C:\Program Files\Java\jdk-11"/>
    <property name="file.separator" value="\"/>
    <property name="basedir" value="C:\Users\Elyessss\OneDrive\Bureau\javaflink\flink-job"/>
    <property name="java.vm.compressedOopsMode" value="32-bit"/>
    <property name="line.separator" value="&#10;"/>
    <property name="java.specification.name" value="Java Platform API Specification"/>
    <property name="java.vm.specification.vendor" value="Oracle Corporation"/>
    <property name="java.awt.graphicsenv" value="sun.awt.Win32GraphicsEnvironment"/>
    <property name="surefire.real.class.path" value="C:\Users\Elyessss\AppData\Local\Temp\surefire2769446514806385432\surefirebooter-20241214152316599_3.jar"/>
    <property name="user.script" value=""/>
    <property name="sun.management.compiler" value="HotSpot 64-Bit Tiered Compilers"/>
    <property name="java.runtime.version" value="11.0.25+9-LTS-256"/>
    <property name="user.name" value="Elyessss"/>
    <property name="path.separator" value=";"/>
    <property name="os.version" value="10.0"/>
    <property name="java.runtime.name" value="Java(TM) SE Runtime Environment"/>
    <property name="file.encoding" value="UTF-8"/>
    <property name="java.vm.name" value="Java HotSpot(TM) 64-Bit Server VM"/>
    <property name="java.vendor.version" value="18.9"/>
    <property name="localRepository" value="C:\Users\Elyessss\.m2\repository"/>
    <property name="java.vendor.url.bug" value="https://bugreport.java.com/bugreport/"/>
    <property name="java.io.tmpdir" value="C:\Users\Elyessss\AppData\Local\Temp\"/>
    <property name="java.version" value="11.0.25"/>
    <property name="user.dir" value="C:\Users\Elyessss\OneDrive\Bureau\javaflink\flink-job"/>
    <property name="os.arch" value="amd64"/>
    <property name="java.vm.specification.name" value="Java Virtual Machine Specification"/>
    <property name="java.awt.printerjob" value="sun.awt.windows.WPrinterJob"/>
    <property name="sun.os.patch.level" value=""/>
    <property name="java.library.path" value="C:\Program Files\Java\jdk-11\bin;C:\WINDOWS\Sun\Java\bin;C:\WINDOWS\system32;C:\WINDOWS;C:\Users\Elyessss\anaconda3;C:\Users\Elyessss\anaconda3\Library\mingw-w64\bin;C:\Users\Elyessss\anaconda3\Library\usr\bin;C:\Users\Elyessss\anaconda3\Library\bin;C:\Users\Elyessss\anaconda3\Scripts;C:\Users\Elyessss\anaconda3\bin;C:\Users\Elyessss\anaconda3\condabin;C:\Users\Elyessss\AppData\Local\cloud-code\installer\google-cloud-sdk\bin;C:\Program Files\Java\jdk-11\bin;C:\Program Files\spark\spark-3.5.3-bin-hadoop3\bin;C:\Program Files\hadoop\bin;C:\app\Elyessss\product\11.2.0\dbhome_1\bin;C:\Program Files\Common Files\Oracle\Java\javapath;C:\Python27;C:\Program Files\Java\jdk-17\bin;C:\WINDOWS\system32;C:\WINDOWS;C:\WINDOWS\System32\Wbem;C:\WINDOWS\System32\WindowsPowerShell\v1.0;C:\WINDOWS\System32\OpenSSH;C:\Program Files\Docker\Docker\resources\bin;C:\apache-cassandra-3.11.14\bin;C:\Program Files\Java\jdk1.8.0_202\bin;C:\MinGW\bin;C:\Program Files\MongoDB\Server\7.0\bin;C:\Program Files\Tesseract-OCR;C:\Program Files\Git\bin;C:\Users\Elyessss\anaconda3;C:\Users\Elyessss\anaconda3\Scripts;C:\Users\Elyessss\anaconda3\Library\bin;C:\Program Files\Java\jdk-11\bin;C:\Users\Elyessss\AppData\Local\Programs\Python\Python311\Scripts;C:\Users\Elyessss\AppData\Local\Programs\Python\Python311;C:\Python27;C:\Users\Elyessss\AppData\Local\Microsoft\WindowsApps;C:\apache-cassandra-3.11.14\bin;C:\Program Files\Java\jdk1.8.0_202\bin;C:\Python27\Scripts;C:\Program Files\JetBrains\PyCharm Community Edition 2023.1.1\bin;.;C:\Users\Elyessss\AppData\Local\Programs\Microsoft VS Code\bin;C:\MinGW\bin;C:\Program Files\MongoDB\mongosh-2.2.6-win32-x64\bin;C:\Program Files\Tesseract-OCR;C:\Users\Elyessss\AppData\Local\Google\Cloud SDK\google-cloud-sdk\bin;C:\Program Files\spark\spark-3.5.3-bin-hadoop3\bin;C:\Program Files\hadoop\bin;C:\Program Files\kafka\kafka_2.13-3.2.0\bin\windows;.;C:\maven\apache-maven-3.9.9\bin;."/>
    <property name="java.vendor" value="Oracle Corporation"/>
    <property name="java.vm.info" value="mixed mode"/>
    <property name="java.vm.version" value="11.0.25+9-LTS-256"/>
    <property name="java.specification.maintenance.version" value="3"/>
    <property name="sun.io.unicode.encoding" value="UnicodeLittle"/>
    <property name="java.class.version" value="55.0"/>
  </properties>
  <testcase name="shouldAnswerWithTrue" classname="org.example.AppTest" time="0.002"/>
</testsuite>